-------------------------------------------------------------------------------
Test set: br.sc.senac.UrbanWoodApplicationTests
-------------------------------------------------------------------------------
Tests run: 1, Failures: 0, Errors: 1, Skipped: 0, Time elapsed: 0.277 s <<< FAILURE! - in br.sc.senac.UrbanWoodApplicationTests
br.sc.senac.UrbanWoodApplicationTests  Time elapsed: 0.273 s  <<< ERROR!
java.lang.IllegalStateException: Unable to find a @SpringBootConfiguration, you need to use @ContextConfiguration or @SpringBootTest(classes=...) with your test

